<?xml version="1.0" encoding="UTF-8"?>
<!-- Generated by org.testng.reporters.JUnitReportReporter -->
<testsuite hostname="HOME" name="uiSelector.UiSelectTwo" tests="1" failures="0" timestamp="9 Nov 2016 16:14:06 GMT" time="13.271" errors="0">
  <testcase name="f" time="13.271" classname="uiSelector.UiSelectTwo"/>
</testsuite> <!-- uiSelector.UiSelectTwo -->
