<?xml version="1.0" encoding="UTF-8"?>
<!-- Generated by org.testng.reporters.JUnitReportReporter -->
<testsuite hostname="HOME" name="com.TestOne.SwipeOne" tests="1" failures="0" timestamp="5 Nov 2016 08:23:15 GMT" time="5.388" errors="0">
  <testcase name="swipeTestOne" time="5.388" classname="com.TestOne.SwipeOne"/>
</testsuite> <!-- com.TestOne.SwipeOne -->
