<?xml version="1.0" encoding="UTF-8"?>
<!-- Generated by org.testng.reporters.JUnitReportReporter -->
<testsuite hostname="HOME" name="com.SwipeTest.SwipeOne" tests="1" failures="0" timestamp="9 Nov 2016 15:39:36 GMT" time="25.763" errors="0">
  <testcase name="swipeTestOne" time="25.763" classname="com.SwipeTest.SwipeOne"/>
</testsuite> <!-- com.SwipeTest.SwipeOne -->
