<?xml version="1.0" encoding="UTF-8"?>
<!-- Generated by org.testng.reporters.JUnitReportReporter -->
<testsuite hostname="HOME" name="appMisc.OrientOne" tests="1" failures="0" timestamp="4 Dec 2016 15:23:30 GMT" time="7.025" errors="0">
  <testcase name="f" time="7.025" classname="appMisc.OrientOne"/>
</testsuite> <!-- appMisc.OrientOne -->
