<?xml version="1.0" encoding="UTF-8"?>
<!-- Generated by org.testng.reporters.JUnitReportReporter -->
<testsuite hostname="HOME" name="com.TestOne.fitnessCal" tests="1" failures="0" timestamp="1 Nov 2016 16:09:32 GMT" time="7.454" errors="0">
  <testcase name="f" time="7.454" classname="com.TestOne.fitnessCal"/>
</testsuite> <!-- com.TestOne.fitnessCal -->
